{
  "0 debug pnpm:scope": {
    "selected": 1,
    "workspacePrefix": "/Users/huiyinfan/Work/hyf-test/pg-fun"
  },
  "1 error pnpm": {
    "errno": 1,
    "code": "ELIFECYCLE",
    "pkgid": "@pg-fun/components@1.0.0",
    "stage": "build",
    "script": "vite build",
    "pkgname": "@pg-fun/components",
    "err": {
      "name": "Error",
      "message": "@pg-fun/components@1.0.0 build: `vite build`\nExit status 1",
      "code": "ELIFECYCLE",
      "stack": "Error: @pg-fun/components@1.0.0 build: `vite build`\nExit status 1\n    at EventEmitter.<anonymous> (/Users/huiyinfan/.node/corepack/pnpm/6.11.0/dist/pnpm.cjs:104774:20)\n    at EventEmitter.emit (node:events:527:28)\n    at ChildProcess.<anonymous> (/Users/huiyinfan/.node/corepack/pnpm/6.11.0/dist/pnpm.cjs:93080:18)\n    at ChildProcess.emit (node:events:527:28)\n    at maybeClose (node:internal/child_process:1092:16)\n    at Process.ChildProcess._handle.onexit (node:internal/child_process:302:5)"
    }
  }
}