{
  "0 debug pnpm:scope": {
    "selected": 4,
    "total": 4,
    "workspacePrefix": "/Users/huiyinfan/Work/hyf-test/pg-fun"
  },
  "1 debug pnpm:package-manifest": {
    "initial": {
      "name": "pg-fun",
      "version": "1.0.0",
      "description": "vue3组件库 包管理方式pnpm",
      "main": "index.js",
      "scripts": {
        "test": "echo \"Error: no test specified\" && exit 1"
      },
      "repository": {
        "type": "git",
        "url": "git+https://github.com/SailSpring/pg-fun.git"
      },
      "author": "changfengpo",
      "license": "ISC",
      "bugs": {
        "url": "https://github.com/SailSpring/pg-fun/issues"
      },
      "homepage": "https://github.com/SailSpring/pg-fun#readme",
      "devDependencies": {
        "@vitejs/plugin-vue": "^4.2.1",
        "@vue/runtime-core": "^3.2.47",
        "less": "^4.1.3",
        "typescript": "^5.0.4",
        "unplugin-vue-define-options": "^1.3.5",
        "vite": "^4.3.5",
        "vue": "^3.2.47"
      }
    },
    "prefix": "/Users/huiyinfan/Work/hyf-test/pg-fun"
  },
  "2 debug pnpm:package-manifest": {
    "initial": {
      "name": "@pg-fun/components",
      "version": "1.0.0",
      "description": "",
      "main": "index.js",
      "type": "module",
      "scripts": {
        "test": "echo \"Error: no test specified\" && exit 1"
      },
      "author": "",
      "license": "ISC"
    },
    "prefix": "/Users/huiyinfan/Work/hyf-test/pg-fun/packages/components"
  },
  "3 debug pnpm:package-manifest": {
    "initial": {
      "name": "@pg-fun/utils",
      "version": "1.0.0",
      "description": "",
      "main": "index.js",
      "type": "module",
      "scripts": {
        "test": "echo \"Error: no test specified\" && exit 1"
      },
      "author": "",
      "license": "ISC",
      "dependencies": {
        "@pg-fun/a": "workspace:^1.0.0"
      }
    },
    "prefix": "/Users/huiyinfan/Work/hyf-test/pg-fun/packages/utils"
  },
  "4 debug pnpm:package-manifest": {
    "initial": {
      "name": "play",
      "version": "1.0.0",
      "description": "",
      "main": "index.js",
      "scripts": {
        "dev": "vite",
        "test": "echo \"Error: no test specified\" && exit 1"
      },
      "author": "",
      "license": "ISC",
      "devDependencies": {},
      "dependencies": {
        "@pg-fun/components": "workspace:^1.0.0"
      }
    },
    "prefix": "/Users/huiyinfan/Work/hyf-test/pg-fun/play"
  },
  "5 debug pnpm:context": {
    "currentLockfileExists": true,
    "storeDir": "/Users/huiyinfan/.pnpm-store/v3",
    "virtualStoreDir": "/Users/huiyinfan/Work/hyf-test/pg-fun/node_modules/.pnpm"
  },
  "6 debug pnpm:stage": {
    "prefix": "/Users/huiyinfan/Work/hyf-test/pg-fun",
    "stage": "resolution_started"
  },
  "7 debug pnpm:_dependency_resolved": {
    "resolution": "link:../packages/components",
    "wanted": {
      "dependentId": "play",
      "name": "@pg-fun/components",
      "rawSpec": "workspace:^1.0.0"
    }
  },
  "8 error pnpm": {
    "code": "ERR_PNPM_NO_MATCHING_VERSION_INSIDE_WORKSPACE",
    "pkgsStack": [],
    "err": {
      "name": "Error",
      "message": "In ../packages/utils: No matching version found for @pg-fun/a@^1.0.0 inside the workspace",
      "code": "ERR_PNPM_NO_MATCHING_VERSION_INSIDE_WORKSPACE",
      "stack": "Error: In ../packages/utils: No matching version found for @pg-fun/a@^1.0.0 inside the workspace\n    at tryResolveFromWorkspace (/Users/huiyinfan/.node/corepack/pnpm/6.11.0/dist/pnpm.cjs:79854:15)\n    at resolveNpm (/Users/huiyinfan/.node/corepack/pnpm/6.11.0/dist/pnpm.cjs:79756:39)\n    at Object.resolve (/Users/huiyinfan/.node/corepack/pnpm/6.11.0/dist/pnpm.cjs:79961:40)\n    at ctx.requestsQueue.add.priority (/Users/huiyinfan/.node/corepack/pnpm/6.11.0/dist/pnpm.cjs:66288:75)\n    at run (/Users/huiyinfan/.node/corepack/pnpm/6.11.0/dist/pnpm.cjs:66040:90)\n    at PQueue._tryToStartAnother (/Users/huiyinfan/.node/corepack/pnpm/6.11.0/dist/pnpm.cjs:65994:13)\n    at /Users/huiyinfan/.node/corepack/pnpm/6.11.0/dist/pnpm.cjs:66053:16\n    at new Promise (<anonymous>)\n    at PQueue.add (/Users/huiyinfan/.node/corepack/pnpm/6.11.0/dist/pnpm.cjs:66035:16)\n    at resolveAndFetch (/Users/huiyinfan/.node/corepack/pnpm/6.11.0/dist/pnpm.cjs:66288:55)"
    }
  },
  "9 debug pnpm:_dependency_resolved": {
    "resolution": "npm.corp.kuaishou.com/@vitejs/plugin-vue/4.2.1",
    "wanted": {
      "dependentId": ".",
      "name": "@vitejs/plugin-vue",
      "rawSpec": "^4.2.1"
    }
  },
  "10 debug pnpm:_dependency_resolved": {
    "resolution": "npm.corp.kuaishou.com/@vue/runtime-core/3.2.47",
    "wanted": {
      "dependentId": ".",
      "name": "@vue/runtime-core",
      "rawSpec": "^3.2.47"
    }
  },
  "11 debug pnpm:_dependency_resolved": {
    "resolution": "npm.corp.kuaishou.com/less/4.1.3",
    "wanted": {
      "dependentId": ".",
      "name": "less",
      "rawSpec": "^4.1.3"
    }
  },
  "12 debug pnpm:_dependency_resolved": {
    "resolution": "npm.corp.kuaishou.com/typescript/5.0.4",
    "wanted": {
      "dependentId": ".",
      "name": "typescript",
      "rawSpec": "^5.0.4"
    }
  },
  "13 debug pnpm:_dependency_resolved": {
    "resolution": "npm.corp.kuaishou.com/vite/4.3.5",
    "wanted": {
      "dependentId": ".",
      "name": "vite",
      "rawSpec": "^4.3.5"
    }
  },
  "14 debug pnpm:_dependency_resolved": {
    "resolution": "npm.corp.kuaishou.com/vue/3.2.47",
    "wanted": {
      "dependentId": ".",
      "name": "vue",
      "rawSpec": "^3.2.47"
    }
  },
  "15 debug pnpm:_dependency_resolved": {
    "resolution": "npm.corp.kuaishou.com/unplugin-vue-define-options/1.3.5",
    "wanted": {
      "dependentId": ".",
      "name": "unplugin-vue-define-options",
      "rawSpec": "^1.3.5"
    }
  }
}